Determining if the pthread_create exist failed with the following output:
Change Dir: /home/amov/carto_ws/build_isolated/cartographer_ros/CMakeFiles/CMakeTmp

Run Build Command:"/usr/bin/ninja" "cmTC_1e752"
[1/2] Building C object CMakeFiles/cmTC_1e752.dir/CheckSymbolExists.c.o
[2/2] Linking C executable cmTC_1e752
FAILED: cmTC_1e752 
: && /usr/bin/cc   -rdynamic CMakeFiles/cmTC_1e752.dir/CheckSymbolExists.c.o  -o cmTC_1e752   && :
CMakeFiles/cmTC_1e752.dir/CheckSymbolExists.c.o: In function `main':
CheckSymbolExists.c:(.text+0x14): undefined reference to `pthread_create'
CheckSymbolExists.c:(.text+0x18): undefined reference to `pthread_create'
collect2: error: ld returned 1 exit status
ninja: build stopped: subcommand failed.

File /home/amov/carto_ws/build_isolated/cartographer_ros/CMakeFiles/CMakeTmp/CheckSymbolExists.c:
/* */
#include <pthread.h>

int main(int argc, char** argv)
{
  (void)argv;
#ifndef pthread_create
  return ((int*)(&pthread_create))[argc];
#else
  (void)argc;
  return 0;
#endif
}

Determining if the function pthread_create exists in the pthreads failed with the following output:
Change Dir: /home/amov/carto_ws/build_isolated/cartographer_ros/CMakeFiles/CMakeTmp

Run Build Command:"/usr/bin/ninja" "cmTC_68968"
[1/2] Building C object CMakeFiles/cmTC_68968.dir/CheckFunctionExists.c.o
[2/2] Linking C executable cmTC_68968
FAILED: cmTC_68968 
: && /usr/bin/cc -DCHECK_FUNCTION_EXISTS=pthread_create  -rdynamic CMakeFiles/cmTC_68968.dir/CheckFunctionExists.c.o  -o cmTC_68968  -lpthreads && :
/usr/bin/ld: cannot find -lpthreads
collect2: error: ld returned 1 exit status
ninja: build stopped: subcommand failed.


