Determining if the pthread_create exist failed with the following output:
Change Dir: /home/wujiaxuan/data/drone/carto_ws/build/CMakeFiles/CMakeTmp

Run Build Command:"/usr/bin/make" "cmTC_b54bb/fast"
/usr/bin/make -f CMakeFiles/cmTC_b54bb.dir/build.make CMakeFiles/cmTC_b54bb.dir/build
make[1]: Entering directory '/home/wujiaxuan/data/drone/carto_ws/build/CMakeFiles/CMakeTmp'
Building C object CMakeFiles/cmTC_b54bb.dir/CheckSymbolExists.c.o
/usr/bin/cc     -o CMakeFiles/cmTC_b54bb.dir/CheckSymbolExists.c.o   -c /home/wujiaxuan/data/drone/carto_ws/build/CMakeFiles/CMakeTmp/CheckSymbolExists.c
Linking C executable cmTC_b54bb
/usr/bin/cmake -E cmake_link_script CMakeFiles/cmTC_b54bb.dir/link.txt --verbose=1
/usr/bin/cc       CMakeFiles/cmTC_b54bb.dir/CheckSymbolExists.c.o  -o cmTC_b54bb -rdynamic 
CMakeFiles/cmTC_b54bb.dir/CheckSymbolExists.c.o：在函数‘main’中：
CheckSymbolExists.c:(.text+0x16)：对‘pthread_create’未定义的引用
collect2: error: ld returned 1 exit status
CMakeFiles/cmTC_b54bb.dir/build.make:97: recipe for target 'cmTC_b54bb' failed
make[1]: *** [cmTC_b54bb] Error 1
make[1]: Leaving directory '/home/wujiaxuan/data/drone/carto_ws/build/CMakeFiles/CMakeTmp'
Makefile:126: recipe for target 'cmTC_b54bb/fast' failed
make: *** [cmTC_b54bb/fast] Error 2

File /home/wujiaxuan/data/drone/carto_ws/build/CMakeFiles/CMakeTmp/CheckSymbolExists.c:
/* */
#include <pthread.h>

int main(int argc, char** argv)
{
  (void)argv;
#ifndef pthread_create
  return ((int*)(&pthread_create))[argc];
#else
  (void)argc;
  return 0;
#endif
}

Determining if the function pthread_create exists in the pthreads failed with the following output:
Change Dir: /home/wujiaxuan/data/drone/carto_ws/build/CMakeFiles/CMakeTmp

Run Build Command:"/usr/bin/make" "cmTC_db6aa/fast"
/usr/bin/make -f CMakeFiles/cmTC_db6aa.dir/build.make CMakeFiles/cmTC_db6aa.dir/build
make[1]: Entering directory '/home/wujiaxuan/data/drone/carto_ws/build/CMakeFiles/CMakeTmp'
Building C object CMakeFiles/cmTC_db6aa.dir/CheckFunctionExists.c.o
/usr/bin/cc    -DCHECK_FUNCTION_EXISTS=pthread_create   -o CMakeFiles/cmTC_db6aa.dir/CheckFunctionExists.c.o   -c /usr/share/cmake-3.5/Modules/CheckFunctionExists.c
Linking C executable cmTC_db6aa
/usr/bin/cmake -E cmake_link_script CMakeFiles/cmTC_db6aa.dir/link.txt --verbose=1
/usr/bin/cc   -DCHECK_FUNCTION_EXISTS=pthread_create    CMakeFiles/cmTC_db6aa.dir/CheckFunctionExists.c.o  -o cmTC_db6aa -rdynamic -lpthreads 
/usr/bin/ld: 找不到 -lpthreads
collect2: error: ld returned 1 exit status
CMakeFiles/cmTC_db6aa.dir/build.make:97: recipe for target 'cmTC_db6aa' failed
make[1]: *** [cmTC_db6aa] Error 1
make[1]: Leaving directory '/home/wujiaxuan/data/drone/carto_ws/build/CMakeFiles/CMakeTmp'
Makefile:126: recipe for target 'cmTC_db6aa/fast' failed
make: *** [cmTC_db6aa/fast] Error 2


